cd build && make check
make[1]: Entering directory `/home/CS342/2018/STUD/group02/pintos/src/userprog/build'
gcc -m32 -c ../../userprog/process.c -o userprog/process.o -g -msoft-float -O -fno-stack-protector -nostdinc -I../.. -I../../lib -I../../lib/kernel -Wall -W -Wstrict-prototypes -Wmissing-prototypes -Wsystem-headers -DUSERPROG -DFILESYS -MMD -MF userprog/process.d
ld -melf_i386 -T threads/kernel.lds.s -o kernel.o threads/init.o threads/thread.o threads/switch.o threads/interrupt.o threads/intr-stubs.o threads/synch.o threads/palloc.o threads/malloc.o threads/start.o devices/timer.o devices/kbd.o devices/vga.o devices/serial.o devices/disk.o devices/input.o devices/intq.o devices/rtc.o lib/debug.o lib/random.o lib/stdio.o lib/stdlib.o lib/string.o lib/arithmetic.o lib/ustar.o lib/kernel/debug.o lib/kernel/list.o lib/kernel/bitmap.o lib/kernel/hash.o lib/kernel/console.o userprog/process.o userprog/pagedir.o userprog/exception.o userprog/syscall.o userprog/gdt.o userprog/tss.o filesys/filesys.o filesys/free-map.o filesys/file.o filesys/directory.o filesys/inode.o filesys/fsutil.o
objcopy -O binary -R .note -R .comment -S kernel.o kernel.bin.tmp
dd if=kernel.bin.tmp of=kernel.bin bs=4096 conv=sync
rm kernel.bin.tmp
gcc -m32 -c ../../threads/loader.S -o threads/loader.o -Wa,--gstabs -nostdinc -I../.. -I../../lib -I../../lib/kernel -DUSERPROG -DFILESYS -DKERNEL_LOAD_PAGES=`perl -e 'print +(-s "kernel.bin") / 4096;'`
ld -melf_i386 -N -e start -Ttext 0x7c00 --oformat binary -o loader.bin threads/loader.o
cat loader.bin kernel.bin > os.dsk
pintos -v -k -T 60 --bochs  --fs-disk=2 -p tests/userprog/args-none -a args-none -- -q   -f run args-none < /dev/null 2> tests/userprog/args-none.errors > tests/userprog/args-none.output
perl -I../.. ../../tests/userprog/args-none.ck tests/userprog/args-none tests/userprog/args-none.result
pass tests/userprog/args-none
pintos -v -k -T 60 --bochs  --fs-disk=2 -p tests/userprog/args-single -a args-single -- -q   -f run 'args-single onearg' < /dev/null 2> tests/userprog/args-single.errors > tests/userprog/args-single.output
perl -I../.. ../../tests/userprog/args-single.ck tests/userprog/args-single tests/userprog/args-single.result
pass tests/userprog/args-single
pintos -v -k -T 60 --bochs  --fs-disk=2 -p tests/userprog/args-multiple -a args-multiple -- -q   -f run 'args-multiple some arguments for you!' < /dev/null 2> tests/userprog/args-multiple.errors > tests/userprog/args-multiple.output
perl -I../.. ../../tests/userprog/args-multiple.ck tests/userprog/args-multiple tests/userprog/args-multiple.result
pass tests/userprog/args-multiple
pintos -v -k -T 60 --bochs  --fs-disk=2 -p tests/userprog/args-many -a args-many -- -q   -f run 'args-many a b c d e f g h i j k l m n o p q r s t u v' < /dev/null 2> tests/userprog/args-many.errors > tests/userprog/args-many.output
perl -I../.. ../../tests/userprog/args-many.ck tests/userprog/args-many tests/userprog/args-many.result
pass tests/userprog/args-many
pintos -v -k -T 60 --bochs  --fs-disk=2 -p tests/userprog/args-dbl-space -a args-dbl-space -- -q   -f run 'args-dbl-space two  spaces!' < /dev/null 2> tests/userprog/args-dbl-space.errors > tests/userprog/args-dbl-space.output
perl -I../.. ../../tests/userprog/args-dbl-space.ck tests/userprog/args-dbl-space tests/userprog/args-dbl-space.result
pass tests/userprog/args-dbl-space
pintos -v -k -T 60 --bochs  --fs-disk=2 -p tests/userprog/sc-bad-sp -a sc-bad-sp -- -q   -f run sc-bad-sp < /dev/null 2> tests/userprog/sc-bad-sp.errors > tests/userprog/sc-bad-sp.output
perl -I../.. ../../tests/userprog/sc-bad-sp.ck tests/userprog/sc-bad-sp tests/userprog/sc-bad-sp.result
pass tests/userprog/sc-bad-sp
pintos -v -k -T 60 --bochs  --fs-disk=2 -p tests/userprog/sc-bad-arg -a sc-bad-arg -- -q   -f run sc-bad-arg < /dev/null 2> tests/userprog/sc-bad-arg.errors > tests/userprog/sc-bad-arg.output
perl -I../.. ../../tests/userprog/sc-bad-arg.ck tests/userprog/sc-bad-arg tests/userprog/sc-bad-arg.result
pass tests/userprog/sc-bad-arg
pintos -v -k -T 60 --bochs  --fs-disk=2 -p tests/userprog/sc-boundary -a sc-boundary -- -q   -f run sc-boundary < /dev/null 2> tests/userprog/sc-boundary.errors > tests/userprog/sc-boundary.output
perl -I../.. ../../tests/userprog/sc-boundary.ck tests/userprog/sc-boundary tests/userprog/sc-boundary.result
pass tests/userprog/sc-boundary
pintos -v -k -T 60 --bochs  --fs-disk=2 -p tests/userprog/sc-boundary-2 -a sc-boundary-2 -- -q   -f run sc-boundary-2 < /dev/null 2> tests/userprog/sc-boundary-2.errors > tests/userprog/sc-boundary-2.output
perl -I../.. ../../tests/userprog/sc-boundary-2.ck tests/userprog/sc-boundary-2 tests/userprog/sc-boundary-2.result
pass tests/userprog/sc-boundary-2
pintos -v -k -T 60 --bochs  --fs-disk=2 -p tests/userprog/halt -a halt -- -q   -f run halt < /dev/null 2> tests/userprog/halt.errors > tests/userprog/halt.output
perl -I../.. ../../tests/userprog/halt.ck tests/userprog/halt tests/userprog/halt.result
pass tests/userprog/halt
pintos -v -k -T 60 --bochs  --fs-disk=2 -p tests/userprog/exit -a exit -- -q   -f run exit < /dev/null 2> tests/userprog/exit.errors > tests/userprog/exit.output
perl -I../.. ../../tests/userprog/exit.ck tests/userprog/exit tests/userprog/exit.result
pass tests/userprog/exit
pintos -v -k -T 60 --bochs  --fs-disk=2 -p tests/userprog/create-normal -a create-normal -- -q   -f run create-normal < /dev/null 2> tests/userprog/create-normal.errors > tests/userprog/create-normal.output
perl -I../.. ../../tests/userprog/create-normal.ck tests/userprog/create-normal tests/userprog/create-normal.result
pass tests/userprog/create-normal
pintos -v -k -T 60 --bochs  --fs-disk=2 -p tests/userprog/create-empty -a create-empty -- -q   -f run create-empty < /dev/null 2> tests/userprog/create-empty.errors > tests/userprog/create-empty.output
perl -I../.. ../../tests/userprog/create-empty.ck tests/userprog/create-empty tests/userprog/create-empty.result
pass tests/userprog/create-empty
pintos -v -k -T 60 --bochs  --fs-disk=2 -p tests/userprog/create-null -a create-null -- -q   -f run create-null < /dev/null 2> tests/userprog/create-null.errors > tests/userprog/create-null.output
perl -I../.. ../../tests/userprog/create-null.ck tests/userprog/create-null tests/userprog/create-null.result
pass tests/userprog/create-null
pintos -v -k -T 60 --bochs  --fs-disk=2 -p tests/userprog/create-bad-ptr -a create-bad-ptr -- -q   -f run create-bad-ptr < /dev/null 2> tests/userprog/create-bad-ptr.errors > tests/userprog/create-bad-ptr.output
perl -I../.. ../../tests/userprog/create-bad-ptr.ck tests/userprog/create-bad-ptr tests/userprog/create-bad-ptr.result
pass tests/userprog/create-bad-ptr
pintos -v -k -T 60 --bochs  --fs-disk=2 -p tests/userprog/create-long -a create-long -- -q   -f run create-long < /dev/null 2> tests/userprog/create-long.errors > tests/userprog/create-long.output
perl -I../.. ../../tests/userprog/create-long.ck tests/userprog/create-long tests/userprog/create-long.result
pass tests/userprog/create-long
pintos -v -k -T 60 --bochs  --fs-disk=2 -p tests/userprog/create-exists -a create-exists -- -q   -f run create-exists < /dev/null 2> tests/userprog/create-exists.errors > tests/userprog/create-exists.output
perl -I../.. ../../tests/userprog/create-exists.ck tests/userprog/create-exists tests/userprog/create-exists.result
pass tests/userprog/create-exists
pintos -v -k -T 60 --bochs  --fs-disk=2 -p tests/userprog/create-bound -a create-bound -- -q   -f run create-bound < /dev/null 2> tests/userprog/create-bound.errors > tests/userprog/create-bound.output
perl -I../.. ../../tests/userprog/create-bound.ck tests/userprog/create-bound tests/userprog/create-bound.result
pass tests/userprog/create-bound
pintos -v -k -T 60 --bochs  --fs-disk=2 -p tests/userprog/open-normal -a open-normal -p ../../tests/userprog/sample.txt -a sample.txt -- -q   -f run open-normal < /dev/null 2> tests/userprog/open-normal.errors > tests/userprog/open-normal.output
perl -I../.. ../../tests/userprog/open-normal.ck tests/userprog/open-normal tests/userprog/open-normal.result
pass tests/userprog/open-normal
pintos -v -k -T 60 --bochs  --fs-disk=2 -p tests/userprog/open-missing -a open-missing -- -q   -f run open-missing < /dev/null 2> tests/userprog/open-missing.errors > tests/userprog/open-missing.output
perl -I../.. ../../tests/userprog/open-missing.ck tests/userprog/open-missing tests/userprog/open-missing.result
pass tests/userprog/open-missing
pintos -v -k -T 60 --bochs  --fs-disk=2 -p tests/userprog/open-boundary -a open-boundary -p ../../tests/userprog/sample.txt -a sample.txt -- -q   -f run open-boundary < /dev/null 2> tests/userprog/open-boundary.errors > tests/userprog/open-boundary.output
perl -I../.. ../../tests/userprog/open-boundary.ck tests/userprog/open-boundary tests/userprog/open-boundary.result
pass tests/userprog/open-boundary
pintos -v -k -T 60 --bochs  --fs-disk=2 -p tests/userprog/open-empty -a open-empty -- -q   -f run open-empty < /dev/null 2> tests/userprog/open-empty.errors > tests/userprog/open-empty.output
perl -I../.. ../../tests/userprog/open-empty.ck tests/userprog/open-empty tests/userprog/open-empty.result
pass tests/userprog/open-empty
pintos -v -k -T 60 --bochs  --fs-disk=2 -p tests/userprog/open-null -a open-null -- -q   -f run open-null < /dev/null 2> tests/userprog/open-null.errors > tests/userprog/open-null.output
perl -I../.. ../../tests/userprog/open-null.ck tests/userprog/open-null tests/userprog/open-null.result
pass tests/userprog/open-null
pintos -v -k -T 60 --bochs  --fs-disk=2 -p tests/userprog/open-bad-ptr -a open-bad-ptr -- -q   -f run open-bad-ptr < /dev/null 2> tests/userprog/open-bad-ptr.errors > tests/userprog/open-bad-ptr.output
perl -I../.. ../../tests/userprog/open-bad-ptr.ck tests/userprog/open-bad-ptr tests/userprog/open-bad-ptr.result
pass tests/userprog/open-bad-ptr
pintos -v -k -T 60 --bochs  --fs-disk=2 -p tests/userprog/open-twice -a open-twice -p ../../tests/userprog/sample.txt -a sample.txt -- -q   -f run open-twice < /dev/null 2> tests/userprog/open-twice.errors > tests/userprog/open-twice.output
perl -I../.. ../../tests/userprog/open-twice.ck tests/userprog/open-twice tests/userprog/open-twice.result
pass tests/userprog/open-twice
pintos -v -k -T 60 --bochs  --fs-disk=2 -p tests/userprog/close-normal -a close-normal -p ../../tests/userprog/sample.txt -a sample.txt -- -q   -f run close-normal < /dev/null 2> tests/userprog/close-normal.errors > tests/userprog/close-normal.output
perl -I../.. ../../tests/userprog/close-normal.ck tests/userprog/close-normal tests/userprog/close-normal.result
pass tests/userprog/close-normal
pintos -v -k -T 60 --bochs  --fs-disk=2 -p tests/userprog/close-twice -a close-twice -p ../../tests/userprog/sample.txt -a sample.txt -- -q   -f run close-twice < /dev/null 2> tests/userprog/close-twice.errors > tests/userprog/close-twice.output
perl -I../.. ../../tests/userprog/close-twice.ck tests/userprog/close-twice tests/userprog/close-twice.result
pass tests/userprog/close-twice
pintos -v -k -T 60 --bochs  --fs-disk=2 -p tests/userprog/close-stdin -a close-stdin -- -q   -f run close-stdin < /dev/null 2> tests/userprog/close-stdin.errors > tests/userprog/close-stdin.output
perl -I../.. ../../tests/userprog/close-stdin.ck tests/userprog/close-stdin tests/userprog/close-stdin.result
pass tests/userprog/close-stdin
pintos -v -k -T 60 --bochs  --fs-disk=2 -p tests/userprog/close-stdout -a close-stdout -- -q   -f run close-stdout < /dev/null 2> tests/userprog/close-stdout.errors > tests/userprog/close-stdout.output
perl -I../.. ../../tests/userprog/close-stdout.ck tests/userprog/close-stdout tests/userprog/close-stdout.result
pass tests/userprog/close-stdout
pintos -v -k -T 60 --bochs  --fs-disk=2 -p tests/userprog/close-bad-fd -a close-bad-fd -- -q   -f run close-bad-fd < /dev/null 2> tests/userprog/close-bad-fd.errors > tests/userprog/close-bad-fd.output
perl -I../.. ../../tests/userprog/close-bad-fd.ck tests/userprog/close-bad-fd tests/userprog/close-bad-fd.result
pass tests/userprog/close-bad-fd
pintos -v -k -T 60 --bochs  --fs-disk=2 -p tests/userprog/read-normal -a read-normal -p ../../tests/userprog/sample.txt -a sample.txt -- -q   -f run read-normal < /dev/null 2> tests/userprog/read-normal.errors > tests/userprog/read-normal.output
perl -I../.. ../../tests/userprog/read-normal.ck tests/userprog/read-normal tests/userprog/read-normal.result
FAIL tests/userprog/read-normal
Test output failed to match any acceptable form.

Acceptable output:
  (read-normal) begin
  (read-normal) open "sample.txt" for verification
  (read-normal) verified contents of "sample.txt"
  (read-normal) close "sample.txt"
  (read-normal) end
  read-normal: exit(0)
Differences in `diff -u' format:
  (read-normal) begin
  (read-normal) open "sample.txt" for verification
- (read-normal) verified contents of "sample.txt"
- (read-normal) close "sample.txt"
- (read-normal) end
- read-normal: exit(0)
pintos -v -k -T 60 --bochs  --fs-disk=2 -p tests/userprog/read-bad-ptr -a read-bad-ptr -p ../../tests/userprog/sample.txt -a sample.txt -- -q   -f run read-bad-ptr < /dev/null 2> tests/userprog/read-bad-ptr.errors > tests/userprog/read-bad-ptr.output
perl -I../.. ../../tests/userprog/read-bad-ptr.ck tests/userprog/read-bad-ptr tests/userprog/read-bad-ptr.result
FAIL tests/userprog/read-bad-ptr
Test output failed to match any acceptable form.

Acceptable output:
  (read-bad-ptr) begin
  (read-bad-ptr) open "sample.txt"
  (read-bad-ptr) end
  read-bad-ptr: exit(0)
Differences in `diff -u' format:
  (read-bad-ptr) begin
  (read-bad-ptr) open "sample.txt"
- (read-bad-ptr) end
- read-bad-ptr: exit(0)
Acceptable output:
  (read-bad-ptr) begin
  (read-bad-ptr) open "sample.txt"
  read-bad-ptr: exit(-1)
Differences in `diff -u' format:
  (read-bad-ptr) begin
  (read-bad-ptr) open "sample.txt"
- read-bad-ptr: exit(-1)
pintos -v -k -T 60 --bochs  --fs-disk=2 -p tests/userprog/read-boundary -a read-boundary -p ../../tests/userprog/sample.txt -a sample.txt -- -q   -f run read-boundary < /dev/null 2> tests/userprog/read-boundary.errors > tests/userprog/read-boundary.output
perl -I../.. ../../tests/userprog/read-boundary.ck tests/userprog/read-boundary tests/userprog/read-boundary.result
FAIL tests/userprog/read-boundary
Test output failed to match any acceptable form.

Acceptable output:
  (read-boundary) begin
  (read-boundary) open "sample.txt"
  (read-boundary) end
  read-boundary: exit(0)
Differences in `diff -u' format:
  (read-boundary) begin
  (read-boundary) open "sample.txt"
- (read-boundary) end
- read-boundary: exit(0)
pintos -v -k -T 60 --bochs  --fs-disk=2 -p tests/userprog/read-zero -a read-zero -p ../../tests/userprog/sample.txt -a sample.txt -- -q   -f run read-zero < /dev/null 2> tests/userprog/read-zero.errors > tests/userprog/read-zero.output
perl -I../.. ../../tests/userprog/read-zero.ck tests/userprog/read-zero tests/userprog/read-zero.result
FAIL tests/userprog/read-zero
Test output failed to match any acceptable form.

Acceptable output:
  (read-zero) begin
  (read-zero) open "sample.txt"
  (read-zero) end
  read-zero: exit(0)
Differences in `diff -u' format:
  (read-zero) begin
  (read-zero) open "sample.txt"
- (read-zero) end
- read-zero: exit(0)
pintos -v -k -T 60 --bochs  --fs-disk=2 -p tests/userprog/read-stdout -a read-stdout -- -q   -f run read-stdout < /dev/null 2> tests/userprog/read-stdout.errors > tests/userprog/read-stdout.output
perl -I../.. ../../tests/userprog/read-stdout.ck tests/userprog/read-stdout tests/userprog/read-stdout.result
FAIL tests/userprog/read-stdout
Test output failed to match any acceptable form.

Acceptable output:
  (read-stdout) begin
  (read-stdout) end
  read-stdout: exit(0)
Differences in `diff -u' format:
  (read-stdout) begin
- (read-stdout) end
- read-stdout: exit(0)
Acceptable output:
  (read-stdout) begin
  read-stdout: exit(-1)
Differences in `diff -u' format:
  (read-stdout) begin
- read-stdout: exit(-1)
pintos -v -k -T 60 --bochs  --fs-disk=2 -p tests/userprog/read-bad-fd -a read-bad-fd -- -q   -f run read-bad-fd < /dev/null 2> tests/userprog/read-bad-fd.errors > tests/userprog/read-bad-fd.output
perl -I../.. ../../tests/userprog/read-bad-fd.ck tests/userprog/read-bad-fd tests/userprog/read-bad-fd.result
FAIL tests/userprog/read-bad-fd
Test output failed to match any acceptable form.

Acceptable output:
  (read-bad-fd) begin
  (read-bad-fd) end
  read-bad-fd: exit(0)
Differences in `diff -u' format:
  (read-bad-fd) begin
- (read-bad-fd) end
- read-bad-fd: exit(0)
Acceptable output:
  (read-bad-fd) begin
  read-bad-fd: exit(-1)
Differences in `diff -u' format:
  (read-bad-fd) begin
- read-bad-fd: exit(-1)
pintos -v -k -T 60 --bochs  --fs-disk=2 -p tests/userprog/write-normal -a write-normal -p ../../tests/userprog/sample.txt -a sample.txt -- -q   -f run write-normal < /dev/null 2> tests/userprog/write-normal.errors > tests/userprog/write-normal.output
perl -I../.. ../../tests/userprog/write-normal.ck tests/userprog/write-normal tests/userprog/write-normal.result
FAIL tests/userprog/write-normal
run: write() returned 0 instead of 239: FAILED
pintos -v -k -T 60 --bochs  --fs-disk=2 -p tests/userprog/write-bad-ptr -a write-bad-ptr -p ../../tests/userprog/sample.txt -a sample.txt -- -q   -f run write-bad-ptr < /dev/null 2> tests/userprog/write-bad-ptr.errors > tests/userprog/write-bad-ptr.output
perl -I../.. ../../tests/userprog/write-bad-ptr.ck tests/userprog/write-bad-ptr tests/userprog/write-bad-ptr.result
FAIL tests/userprog/write-bad-ptr
run: should have exited with -1: FAILED
pintos -v -k -T 60 --bochs  --fs-disk=2 -p tests/userprog/write-boundary -a write-boundary -p ../../tests/userprog/sample.txt -a sample.txt -- -q   -f run write-boundary < /dev/null 2> tests/userprog/write-boundary.errors > tests/userprog/write-boundary.output
perl -I../.. ../../tests/userprog/write-boundary.ck tests/userprog/write-boundary tests/userprog/write-boundary.result
FAIL tests/userprog/write-boundary
run: write() returned 0 instead of 239: FAILED
pintos -v -k -T 60 --bochs  --fs-disk=2 -p tests/userprog/write-zero -a write-zero -p ../../tests/userprog/sample.txt -a sample.txt -- -q   -f run write-zero < /dev/null 2> tests/userprog/write-zero.errors > tests/userprog/write-zero.output
perl -I../.. ../../tests/userprog/write-zero.ck tests/userprog/write-zero tests/userprog/write-zero.result
pass tests/userprog/write-zero
pintos -v -k -T 60 --bochs  --fs-disk=2 -p tests/userprog/write-stdin -a write-stdin -- -q   -f run write-stdin < /dev/null 2> tests/userprog/write-stdin.errors > tests/userprog/write-stdin.output
perl -I../.. ../../tests/userprog/write-stdin.ck tests/userprog/write-stdin tests/userprog/write-stdin.result
pass tests/userprog/write-stdin
pintos -v -k -T 60 --bochs  --fs-disk=2 -p tests/userprog/write-bad-fd -a write-bad-fd -- -q   -f run write-bad-fd < /dev/null 2> tests/userprog/write-bad-fd.errors > tests/userprog/write-bad-fd.output
perl -I../.. ../../tests/userprog/write-bad-fd.ck tests/userprog/write-bad-fd tests/userprog/write-bad-fd.result
pass tests/userprog/write-bad-fd
pintos -v -k -T 60 --bochs  --fs-disk=2 -p tests/userprog/exec-once -a exec-once -p tests/userprog/child-simple -a child-simple -- -q   -f run exec-once < /dev/null 2> tests/userprog/exec-once.errors > tests/userprog/exec-once.output
perl -I../.. ../../tests/userprog/exec-once.ck tests/userprog/exec-once tests/userprog/exec-once.result
FAIL tests/userprog/exec-once
Test output failed to match any acceptable form.

Acceptable output:
  (exec-once) begin
  (child-simple) run
  child-simple: exit(81)
  (exec-once) end
  exec-once: exit(0)
Differences in `diff -u' format:
  (exec-once) begin
- (child-simple) run
- child-simple: exit(81)
- (exec-once) end
- exec-once: exit(0)
pintos -v -k -T 60 --bochs  --fs-disk=2 -p tests/userprog/exec-arg -a exec-arg -p tests/userprog/child-args -a child-args -- -q   -f run exec-arg < /dev/null 2> tests/userprog/exec-arg.errors > tests/userprog/exec-arg.output
perl -I../.. ../../tests/userprog/exec-arg.ck tests/userprog/exec-arg tests/userprog/exec-arg.result
FAIL tests/userprog/exec-arg
Test output failed to match any acceptable form.

Acceptable output:
  (exec-arg) begin
  (args) begin
  (args) argc = 2
  (args) argv[0] = 'child-args'
  (args) argv[1] = 'childarg'
  (args) argv[2] = null
  (args) end
  child-args: exit(0)
  (exec-arg) end
  exec-arg: exit(0)
Differences in `diff -u' format:
  (exec-arg) begin
- (args) begin
- (args) argc = 2
- (args) argv[0] = 'child-args'
- (args) argv[1] = 'childarg'
- (args) argv[2] = null
- (args) end
- child-args: exit(0)
- (exec-arg) end
- exec-arg: exit(0)
pintos -v -k -T 60 --bochs  --fs-disk=2 -p tests/userprog/exec-multiple -a exec-multiple -p tests/userprog/child-simple -a child-simple -- -q   -f run exec-multiple < /dev/null 2> tests/userprog/exec-multiple.errors > tests/userprog/exec-multiple.output
perl -I../.. ../../tests/userprog/exec-multiple.ck tests/userprog/exec-multiple tests/userprog/exec-multiple.result
FAIL tests/userprog/exec-multiple
Test output failed to match any acceptable form.

Acceptable output:
  (exec-multiple) begin
  (child-simple) run
  child-simple: exit(81)
  (child-simple) run
  child-simple: exit(81)
  (child-simple) run
  child-simple: exit(81)
  (child-simple) run
  child-simple: exit(81)
  (exec-multiple) end
  exec-multiple: exit(0)
Differences in `diff -u' format:
  (exec-multiple) begin
- (child-simple) run
- child-simple: exit(81)
- (child-simple) run
- child-simple: exit(81)
- (child-simple) run
- child-simple: exit(81)
- (child-simple) run
- child-simple: exit(81)
- (exec-multiple) end
- exec-multiple: exit(0)
pintos -v -k -T 60 --bochs  --fs-disk=2 -p tests/userprog/exec-missing -a exec-missing -- -q   -f run exec-missing < /dev/null 2> tests/userprog/exec-missing.errors > tests/userprog/exec-missing.output
perl -I../.. ../../tests/userprog/exec-missing.ck tests/userprog/exec-missing tests/userprog/exec-missing.result
FAIL tests/userprog/exec-missing
Test output failed to match any acceptable form.

Acceptable output:
  (exec-missing) begin
  load: no-such-file: open failed
  (exec-missing) exec("no-such-file"): -1
  no-such-file: exit(-1)
  (exec-missing) end
  exec-missing: exit(0)
Differences in `diff -u' format:
  (exec-missing) begin
- load: no-such-file: open failed
- (exec-missing) exec("no-such-file"): -1
- no-such-file: exit(-1)
- (exec-missing) end
- exec-missing: exit(0)
Acceptable output:
  (exec-missing) begin
  load: no-such-file: open failed
  (exec-missing) exec("no-such-file"): -1
  (exec-missing) end
  exec-missing: exit(0)
Differences in `diff -u' format:
  (exec-missing) begin
- load: no-such-file: open failed
- (exec-missing) exec("no-such-file"): -1
- (exec-missing) end
- exec-missing: exit(0)
Acceptable output:
  (exec-missing) begin
  load: no-such-file: open failed
  no-such-file: exit(-1)
  (exec-missing) exec("no-such-file"): -1
  (exec-missing) end
  exec-missing: exit(0)
Differences in `diff -u' format:
  (exec-missing) begin
- load: no-such-file: open failed
- no-such-file: exit(-1)
- (exec-missing) exec("no-such-file"): -1
- (exec-missing) end
- exec-missing: exit(0)
Acceptable output:
  (exec-missing) begin
  (exec-missing) exec("no-such-file"): -1
  (exec-missing) end
  exec-missing: exit(0)
Differences in `diff -u' format:
  (exec-missing) begin
- (exec-missing) exec("no-such-file"): -1
- (exec-missing) end
- exec-missing: exit(0)
pintos -v -k -T 60 --bochs  --fs-disk=2 -p tests/userprog/exec-bad-ptr -a exec-bad-ptr -- -q   -f run exec-bad-ptr < /dev/null 2> tests/userprog/exec-bad-ptr.errors > tests/userprog/exec-bad-ptr.output
perl -I../.. ../../tests/userprog/exec-bad-ptr.ck tests/userprog/exec-bad-ptr tests/userprog/exec-bad-ptr.result
FAIL tests/userprog/exec-bad-ptr
Test output failed to match any acceptable form.

Acceptable output:
  (exec-bad-ptr) begin
  (exec-bad-ptr) end
  exec-bad-ptr: exit(0)
Differences in `diff -u' format:
  (exec-bad-ptr) begin
- (exec-bad-ptr) end
- exec-bad-ptr: exit(0)
Acceptable output:
  (exec-bad-ptr) begin
  exec-bad-ptr: exit(-1)
Differences in `diff -u' format:
  (exec-bad-ptr) begin
- exec-bad-ptr: exit(-1)
pintos -v -k -T 60 --bochs  --fs-disk=2 -p tests/userprog/wait-simple -a wait-simple -p tests/userprog/child-simple -a child-simple -- -q   -f run wait-simple < /dev/null 2> tests/userprog/wait-simple.errors > tests/userprog/wait-simple.output
perl -I../.. ../../tests/userprog/wait-simple.ck tests/userprog/wait-simple tests/userprog/wait-simple.result
FAIL tests/userprog/wait-simple
Test output failed to match any acceptable form.

Acceptable output:
  (wait-simple) begin
  (child-simple) run
  child-simple: exit(81)
  (wait-simple) wait(exec()) = 81
  (wait-simple) end
  wait-simple: exit(0)
Differences in `diff -u' format:
  (wait-simple) begin
- (child-simple) run
- child-simple: exit(81)
- (wait-simple) wait(exec()) = 81
- (wait-simple) end
- wait-simple: exit(0)
pintos -v -k -T 60 --bochs  --fs-disk=2 -p tests/userprog/wait-twice -a wait-twice -p tests/userprog/child-simple -a child-simple -- -q   -f run wait-twice < /dev/null 2> tests/userprog/wait-twice.errors > tests/userprog/wait-twice.output
perl -I../.. ../../tests/userprog/wait-twice.ck tests/userprog/wait-twice tests/userprog/wait-twice.result
FAIL tests/userprog/wait-twice
Test output failed to match any acceptable form.

Acceptable output:
  (wait-twice) begin
  (child-simple) run
  child-simple: exit(81)
  (wait-twice) wait(exec()) = 81
  (wait-twice) wait(exec()) = -1
  (wait-twice) end
  wait-twice: exit(0)
Differences in `diff -u' format:
  (wait-twice) begin
- (child-simple) run
- child-simple: exit(81)
- (wait-twice) wait(exec()) = 81
- (wait-twice) wait(exec()) = -1
- (wait-twice) end
- wait-twice: exit(0)
pintos -v -k -T 60 --bochs  --fs-disk=2 -p tests/userprog/wait-killed -a wait-killed -p tests/userprog/child-bad -a child-bad -- -q   -f run wait-killed < /dev/null 2> tests/userprog/wait-killed.errors > tests/userprog/wait-killed.output
perl -I../.. ../../tests/userprog/wait-killed.ck tests/userprog/wait-killed tests/userprog/wait-killed.result
FAIL tests/userprog/wait-killed
Test output failed to match any acceptable form.

Acceptable output:
  (wait-killed) begin
  (child-bad) begin
  child-bad: exit(-1)
  (wait-killed) wait(exec()) = -1
  (wait-killed) end
  wait-killed: exit(0)
Differences in `diff -u' format:
  (wait-killed) begin
- (child-bad) begin
- child-bad: exit(-1)
- (wait-killed) wait(exec()) = -1
- (wait-killed) end
- wait-killed: exit(0)
pintos -v -k -T 60 --bochs  --fs-disk=2 -p tests/userprog/wait-bad-pid -a wait-bad-pid -- -q   -f run wait-bad-pid < /dev/null 2> tests/userprog/wait-bad-pid.errors > tests/userprog/wait-bad-pid.output
perl -I../.. ../../tests/userprog/wait-bad-pid.ck tests/userprog/wait-bad-pid tests/userprog/wait-bad-pid.result
FAIL tests/userprog/wait-bad-pid
Test output failed to match any acceptable form.

Acceptable output:
  (wait-bad-pid) begin
  (wait-bad-pid) end
  wait-bad-pid: exit(0)
Differences in `diff -u' format:
  (wait-bad-pid) begin
- (wait-bad-pid) end
- wait-bad-pid: exit(0)
Acceptable output:
  (wait-bad-pid) begin
  wait-bad-pid: exit(-1)
Differences in `diff -u' format:
  (wait-bad-pid) begin
- wait-bad-pid: exit(-1)
pintos -v -k -T 60 --bochs  --fs-disk=2 -p tests/userprog/multi-recurse -a multi-recurse -- -q   -f run 'multi-recurse 15' < /dev/null 2> tests/userprog/multi-recurse.errors > tests/userprog/multi-recurse.output
perl -I../.. ../../tests/userprog/multi-recurse.ck tests/userprog/multi-recurse tests/userprog/multi-recurse.result
FAIL tests/userprog/multi-recurse
Test output failed to match any acceptable form.

Acceptable output:
  (multi-recurse) begin 15
  (multi-recurse) exec("multi-recurse 14")
  (multi-recurse) begin 14
  (multi-recurse) exec("multi-recurse 13")
  (multi-recurse) begin 13
  (multi-recurse) exec("multi-recurse 12")
  (multi-recurse) begin 12
  (multi-recurse) exec("multi-recurse 11")
  (multi-recurse) begin 11
  (multi-recurse) exec("multi-recurse 10")
  (multi-recurse) begin 10
  (multi-recurse) exec("multi-recurse 9")
  (multi-recurse) begin 9
  (multi-recurse) exec("multi-recurse 8")
  (multi-recurse) begin 8
  (multi-recurse) exec("multi-recurse 7")
  (multi-recurse) begin 7
  (multi-recurse) exec("multi-recurse 6")
  (multi-recurse) begin 6
  (multi-recurse) exec("multi-recurse 5")
  (multi-recurse) begin 5
  (multi-recurse) exec("multi-recurse 4")
  (multi-recurse) begin 4
  (multi-recurse) exec("multi-recurse 3")
  (multi-recurse) begin 3
  (multi-recurse) exec("multi-recurse 2")
  (multi-recurse) begin 2
  (multi-recurse) exec("multi-recurse 1")
  (multi-recurse) begin 1
  (multi-recurse) exec("multi-recurse 0")
  (multi-recurse) begin 0
  (multi-recurse) end 0
  multi-recurse: exit(0)
  (multi-recurse) end 1
  multi-recurse: exit(1)
  (multi-recurse) end 2
  multi-recurse: exit(2)
  (multi-recurse) end 3
  multi-recurse: exit(3)
  (multi-recurse) end 4
  multi-recurse: exit(4)
  (multi-recurse) end 5
  multi-recurse: exit(5)
  (multi-recurse) end 6
  multi-recurse: exit(6)
  (multi-recurse) end 7
  multi-recurse: exit(7)
  (multi-recurse) end 8
  multi-recurse: exit(8)
  (multi-recurse) end 9
  multi-recurse: exit(9)
  (multi-recurse) end 10
  multi-recurse: exit(10)
  (multi-recurse) end 11
  multi-recurse: exit(11)
  (multi-recurse) end 12
  multi-recurse: exit(12)
  (multi-recurse) end 13
  multi-recurse: exit(13)
  (multi-recurse) end 14
  multi-recurse: exit(14)
  (multi-recurse) end 15
  multi-recurse: exit(15)
Differences in `diff -u' format:
  (multi-recurse) begin 15
  (multi-recurse) exec("multi-recurse 14")
- (multi-recurse) begin 14
- (multi-recurse) exec("multi-recurse 13")
- (multi-recurse) begin 13
- (multi-recurse) exec("multi-recurse 12")
- (multi-recurse) begin 12
- (multi-recurse) exec("multi-recurse 11")
- (multi-recurse) begin 11
- (multi-recurse) exec("multi-recurse 10")
- (multi-recurse) begin 10
- (multi-recurse) exec("multi-recurse 9")
- (multi-recurse) begin 9
- (multi-recurse) exec("multi-recurse 8")
- (multi-recurse) begin 8
- (multi-recurse) exec("multi-recurse 7")
- (multi-recurse) begin 7
- (multi-recurse) exec("multi-recurse 6")
- (multi-recurse) begin 6
- (multi-recurse) exec("multi-recurse 5")
- (multi-recurse) begin 5
- (multi-recurse) exec("multi-recurse 4")
- (multi-recurse) begin 4
- (multi-recurse) exec("multi-recurse 3")
- (multi-recurse) begin 3
- (multi-recurse) exec("multi-recurse 2")
- (multi-recurse) begin 2
- (multi-recurse) exec("multi-recurse 1")
- (multi-recurse) begin 1
- (multi-recurse) exec("multi-recurse 0")
- (multi-recurse) begin 0
- (multi-recurse) end 0
- multi-recurse: exit(0)
- (multi-recurse) end 1
- multi-recurse: exit(1)
- (multi-recurse) end 2
- multi-recurse: exit(2)
- (multi-recurse) end 3
- multi-recurse: exit(3)
- (multi-recurse) end 4
- multi-recurse: exit(4)
- (multi-recurse) end 5
- multi-recurse: exit(5)
- (multi-recurse) end 6
- multi-recurse: exit(6)
- (multi-recurse) end 7
- multi-recurse: exit(7)
- (multi-recurse) end 8
- multi-recurse: exit(8)
- (multi-recurse) end 9
- multi-recurse: exit(9)
- (multi-recurse) end 10
- multi-recurse: exit(10)
- (multi-recurse) end 11
- multi-recurse: exit(11)
- (multi-recurse) end 12
- multi-recurse: exit(12)
- (multi-recurse) end 13
- multi-recurse: exit(13)
- (multi-recurse) end 14
- multi-recurse: exit(14)
- (multi-recurse) end 15
- multi-recurse: exit(15)
pintos -v -k -T 60 --bochs  --fs-disk=2 -p tests/userprog/multi-child-fd -a multi-child-fd -p ../../tests/userprog/sample.txt -a sample.txt -p tests/userprog/child-close -a child-close -- -q   -f run multi-child-fd < /dev/null 2> tests/userprog/multi-child-fd.errors > tests/userprog/multi-child-fd.output
perl -I../.. ../../tests/userprog/multi-child-fd.ck tests/userprog/multi-child-fd tests/userprog/multi-child-fd.result
FAIL tests/userprog/multi-child-fd
Test output failed to match any acceptable form.

Acceptable output:
  (multi-child-fd) begin
  (multi-child-fd) open "sample.txt"
  (child-close) begin
  (child-close) end
  child-close: exit(0)
  (multi-child-fd) wait(exec()) = 0
  (multi-child-fd) verified contents of "sample.txt"
  (multi-child-fd) end
  multi-child-fd: exit(0)
Differences in `diff -u' format:
  (multi-child-fd) begin
  (multi-child-fd) open "sample.txt"
- (child-close) begin
- (child-close) end
- child-close: exit(0)
- (multi-child-fd) wait(exec()) = 0
- (multi-child-fd) verified contents of "sample.txt"
- (multi-child-fd) end
- multi-child-fd: exit(0)
Acceptable output:
  (multi-child-fd) begin
  (multi-child-fd) open "sample.txt"
  (child-close) begin
  child-close: exit(-1)
  (multi-child-fd) wait(exec()) = -1
  (multi-child-fd) verified contents of "sample.txt"
  (multi-child-fd) end
  multi-child-fd: exit(0)
Differences in `diff -u' format:
  (multi-child-fd) begin
  (multi-child-fd) open "sample.txt"
- (child-close) begin
- child-close: exit(-1)
- (multi-child-fd) wait(exec()) = -1
- (multi-child-fd) verified contents of "sample.txt"
- (multi-child-fd) end
- multi-child-fd: exit(0)
pintos -v -k -T 60 --bochs  --fs-disk=2 -p tests/userprog/rox-simple -a rox-simple -- -q   -f run rox-simple < /dev/null 2> tests/userprog/rox-simple.errors > tests/userprog/rox-simple.output
perl -I../.. ../../tests/userprog/rox-simple.ck tests/userprog/rox-simple tests/userprog/rox-simple.result
FAIL tests/userprog/rox-simple
Test output failed to match any acceptable form.

Acceptable output:
  (rox-simple) begin
  (rox-simple) open "rox-simple"
  (rox-simple) read "rox-simple"
  (rox-simple) try to write "rox-simple"
  (rox-simple) end
  rox-simple: exit(0)
Differences in `diff -u' format:
  (rox-simple) begin
  (rox-simple) open "rox-simple"
  (rox-simple) read "rox-simple"
- (rox-simple) try to write "rox-simple"
- (rox-simple) end
- rox-simple: exit(0)
pintos -v -k -T 60 --bochs  --fs-disk=2 -p tests/userprog/rox-child -a rox-child -p tests/userprog/child-rox -a child-rox -- -q   -f run rox-child < /dev/null 2> tests/userprog/rox-child.errors > tests/userprog/rox-child.output
perl -I../.. ../../tests/userprog/rox-child.ck tests/userprog/rox-child tests/userprog/rox-child.result
FAIL tests/userprog/rox-child
Test output failed to match any acceptable form.

Acceptable output:
  (rox-child) begin
  (rox-child) open "child-rox"
  (rox-child) read "child-rox"
  (rox-child) write "child-rox"
  (rox-child) exec "child-rox 1"
  (child-rox) begin
  (child-rox) try to write "child-rox"
  (child-rox) try to write "child-rox"
  (child-rox) end
  child-rox: exit(12)
  (rox-child) write "child-rox"
  (rox-child) end
  rox-child: exit(0)
Differences in `diff -u' format:
  (rox-child) begin
  (rox-child) open "child-rox"
  (rox-child) read "child-rox"
- (rox-child) write "child-rox"
- (rox-child) exec "child-rox 1"
- (child-rox) begin
- (child-rox) try to write "child-rox"
- (child-rox) try to write "child-rox"
- (child-rox) end
- child-rox: exit(12)
- (rox-child) write "child-rox"
- (rox-child) end
- rox-child: exit(0)
pintos -v -k -T 60 --bochs  --fs-disk=2 -p tests/userprog/rox-multichild -a rox-multichild -p tests/userprog/child-rox -a child-rox -- -q   -f run rox-multichild < /dev/null 2> tests/userprog/rox-multichild.errors > tests/userprog/rox-multichild.output
perl -I../.. ../../tests/userprog/rox-multichild.ck tests/userprog/rox-multichild tests/userprog/rox-multichild.result
FAIL tests/userprog/rox-multichild
Test output failed to match any acceptable form.

Acceptable output:
  (rox-multichild) begin
  (rox-multichild) open "child-rox"
  (rox-multichild) read "child-rox"
  (rox-multichild) write "child-rox"
  (rox-multichild) exec "child-rox 5"
  (child-rox) begin
  (child-rox) try to write "child-rox"
  (child-rox) exec "child-rox 4"
  (child-rox) begin
  (child-rox) try to write "child-rox"
  (child-rox) exec "child-rox 3"
  (child-rox) begin
  (child-rox) try to write "child-rox"
  (child-rox) exec "child-rox 2"
  (child-rox) begin
  (child-rox) try to write "child-rox"
  (child-rox) exec "child-rox 1"
  (child-rox) begin
  (child-rox) try to write "child-rox"
  (child-rox) try to write "child-rox"
  (child-rox) end
  child-rox: exit(12)
  (child-rox) try to write "child-rox"
  (child-rox) end
  child-rox: exit(12)
  (child-rox) try to write "child-rox"
  (child-rox) end
  child-rox: exit(12)
  (child-rox) try to write "child-rox"
  (child-rox) end
  child-rox: exit(12)
  (child-rox) try to write "child-rox"
  (child-rox) end
  child-rox: exit(12)
  (rox-multichild) write "child-rox"
  (rox-multichild) end
  rox-multichild: exit(0)
Differences in `diff -u' format:
  (rox-multichild) begin
  (rox-multichild) open "child-rox"
  (rox-multichild) read "child-rox"
- (rox-multichild) write "child-rox"
- (rox-multichild) exec "child-rox 5"
- (child-rox) begin
- (child-rox) try to write "child-rox"
- (child-rox) exec "child-rox 4"
- (child-rox) begin
- (child-rox) try to write "child-rox"
- (child-rox) exec "child-rox 3"
- (child-rox) begin
- (child-rox) try to write "child-rox"
- (child-rox) exec "child-rox 2"
- (child-rox) begin
- (child-rox) try to write "child-rox"
- (child-rox) exec "child-rox 1"
- (child-rox) begin
- (child-rox) try to write "child-rox"
- (child-rox) try to write "child-rox"
- (child-rox) end
- child-rox: exit(12)
- (child-rox) try to write "child-rox"
- (child-rox) end
- child-rox: exit(12)
- (child-rox) try to write "child-rox"
- (child-rox) end
- child-rox: exit(12)
- (child-rox) try to write "child-rox"
- (child-rox) end
- child-rox: exit(12)
- (child-rox) try to write "child-rox"
- (child-rox) end
- child-rox: exit(12)
- (rox-multichild) write "child-rox"
- (rox-multichild) end
- rox-multichild: exit(0)
pintos -v -k -T 60 --bochs  --fs-disk=2 -p tests/userprog/bad-read -a bad-read -- -q   -f run bad-read < /dev/null 2> tests/userprog/bad-read.errors > tests/userprog/bad-read.output
perl -I../.. ../../tests/userprog/bad-read.ck tests/userprog/bad-read tests/userprog/bad-read.result
pass tests/userprog/bad-read
pintos -v -k -T 60 --bochs  --fs-disk=2 -p tests/userprog/bad-write -a bad-write -- -q   -f run bad-write < /dev/null 2> tests/userprog/bad-write.errors > tests/userprog/bad-write.output
perl -I../.. ../../tests/userprog/bad-write.ck tests/userprog/bad-write tests/userprog/bad-write.result
pass tests/userprog/bad-write
pintos -v -k -T 60 --bochs  --fs-disk=2 -p tests/userprog/bad-read2 -a bad-read2 -- -q   -f run bad-read2 < /dev/null 2> tests/userprog/bad-read2.errors > tests/userprog/bad-read2.output
perl -I../.. ../../tests/userprog/bad-read2.ck tests/userprog/bad-read2 tests/userprog/bad-read2.result
pass tests/userprog/bad-read2
pintos -v -k -T 60 --bochs  --fs-disk=2 -p tests/userprog/bad-write2 -a bad-write2 -- -q   -f run bad-write2 < /dev/null 2> tests/userprog/bad-write2.errors > tests/userprog/bad-write2.output
perl -I../.. ../../tests/userprog/bad-write2.ck tests/userprog/bad-write2 tests/userprog/bad-write2.result
pass tests/userprog/bad-write2
pintos -v -k -T 60 --bochs  --fs-disk=2 -p tests/userprog/bad-jump -a bad-jump -- -q   -f run bad-jump < /dev/null 2> tests/userprog/bad-jump.errors > tests/userprog/bad-jump.output
perl -I../.. ../../tests/userprog/bad-jump.ck tests/userprog/bad-jump tests/userprog/bad-jump.result
pass tests/userprog/bad-jump
pintos -v -k -T 60 --bochs  --fs-disk=2 -p tests/userprog/bad-jump2 -a bad-jump2 -- -q   -f run bad-jump2 < /dev/null 2> tests/userprog/bad-jump2.errors > tests/userprog/bad-jump2.output
perl -I../.. ../../tests/userprog/bad-jump2.ck tests/userprog/bad-jump2 tests/userprog/bad-jump2.result
pass tests/userprog/bad-jump2
pintos -v -k -T 360 --bochs  --fs-disk=2 -p tests/userprog/no-vm/multi-oom -a multi-oom -- -q   -f run multi-oom < /dev/null 2> tests/userprog/no-vm/multi-oom.errors > tests/userprog/no-vm/multi-oom.output
perl -I../.. ../../tests/userprog/no-vm/multi-oom.ck tests/userprog/no-vm/multi-oom tests/userprog/no-vm/multi-oom.result
FAIL tests/userprog/no-vm/multi-oom
Test output failed to match any acceptable form.

Acceptable output:
  (multi-oom) begin
  (multi-oom) success. program forked 10 times.
  (multi-oom) end
Differences in `diff -u' format:
  (multi-oom) begin
- (multi-oom) success. program forked 10 times.
- (multi-oom) end

(Process exit codes are excluded for matching purposes.)

(User fault messages are excluded for matching purposes.)
pintos -v -k -T 60 --bochs  --fs-disk=2 -p tests/filesys/base/lg-create -a lg-create -- -q   -f run lg-create < /dev/null 2> tests/filesys/base/lg-create.errors > tests/filesys/base/lg-create.output
perl -I../.. ../../tests/filesys/base/lg-create.ck tests/filesys/base/lg-create tests/filesys/base/lg-create.result
FAIL tests/filesys/base/lg-create
Test output failed to match any acceptable form.

Acceptable output:
  (lg-create) begin
  (lg-create) create "blargle"
  (lg-create) open "blargle" for verification
  (lg-create) verified contents of "blargle"
  (lg-create) close "blargle"
  (lg-create) end
Differences in `diff -u' format:
  (lg-create) begin
  (lg-create) create "blargle"
  (lg-create) open "blargle" for verification
- (lg-create) verified contents of "blargle"
- (lg-create) close "blargle"
- (lg-create) end

(Process exit codes are excluded for matching purposes.)
pintos -v -k -T 60 --bochs  --fs-disk=2 -p tests/filesys/base/lg-full -a lg-full -- -q   -f run lg-full < /dev/null 2> tests/filesys/base/lg-full.errors > tests/filesys/base/lg-full.output
perl -I../.. ../../tests/filesys/base/lg-full.ck tests/filesys/base/lg-full tests/filesys/base/lg-full.result
FAIL tests/filesys/base/lg-full
run: write 75678 bytes at offset 0 in "quux" failed: FAILED
pintos -v -k -T 60 --bochs  --fs-disk=2 -p tests/filesys/base/lg-random -a lg-random -- -q   -f run lg-random < /dev/null 2> tests/filesys/base/lg-random.errors > tests/filesys/base/lg-random.output
perl -I../.. ../../tests/filesys/base/lg-random.ck tests/filesys/base/lg-random tests/filesys/base/lg-random.result
FAIL tests/filesys/base/lg-random
run: write 512 bytes at offset 6144 failed: FAILED
pintos -v -k -T 60 --bochs  --fs-disk=2 -p tests/filesys/base/lg-seq-block -a lg-seq-block -- -q   -f run lg-seq-block < /dev/null 2> tests/filesys/base/lg-seq-block.errors > tests/filesys/base/lg-seq-block.output
perl -I../.. ../../tests/filesys/base/lg-seq-block.ck tests/filesys/base/lg-seq-block tests/filesys/base/lg-seq-block.result
FAIL tests/filesys/base/lg-seq-block
run: write 513 bytes at offset 0 in "noodle" failed: FAILED
pintos -v -k -T 60 --bochs  --fs-disk=2 -p tests/filesys/base/lg-seq-random -a lg-seq-random -- -q   -f run lg-seq-random < /dev/null 2> tests/filesys/base/lg-seq-random.errors > tests/filesys/base/lg-seq-random.output
perl -I../.. ../../tests/filesys/base/lg-seq-random.ck tests/filesys/base/lg-seq-random tests/filesys/base/lg-seq-random.result
FAIL tests/filesys/base/lg-seq-random
run: write 717 bytes at offset 0 in "nibble" failed: FAILED
pintos -v -k -T 60 --bochs  --fs-disk=2 -p tests/filesys/base/sm-create -a sm-create -- -q   -f run sm-create < /dev/null 2> tests/filesys/base/sm-create.errors > tests/filesys/base/sm-create.output
perl -I../.. ../../tests/filesys/base/sm-create.ck tests/filesys/base/sm-create tests/filesys/base/sm-create.result
FAIL tests/filesys/base/sm-create
Test output failed to match any acceptable form.

Acceptable output:
  (sm-create) begin
  (sm-create) create "blargle"
  (sm-create) open "blargle" for verification
  (sm-create) verified contents of "blargle"
  (sm-create) close "blargle"
  (sm-create) end
Differences in `diff -u' format:
  (sm-create) begin
  (sm-create) create "blargle"
  (sm-create) open "blargle" for verification
- (sm-create) verified contents of "blargle"
- (sm-create) close "blargle"
- (sm-create) end

(Process exit codes are excluded for matching purposes.)
pintos -v -k -T 60 --bochs  --fs-disk=2 -p tests/filesys/base/sm-full -a sm-full -- -q   -f run sm-full < /dev/null 2> tests/filesys/base/sm-full.errors > tests/filesys/base/sm-full.output
perl -I../.. ../../tests/filesys/base/sm-full.ck tests/filesys/base/sm-full tests/filesys/base/sm-full.result
FAIL tests/filesys/base/sm-full
run: write 5678 bytes at offset 0 in "quux" failed: FAILED
pintos -v -k -T 60 --bochs  --fs-disk=2 -p tests/filesys/base/sm-random -a sm-random -- -q   -f run sm-random < /dev/null 2> tests/filesys/base/sm-random.errors > tests/filesys/base/sm-random.output
perl -I../.. ../../tests/filesys/base/sm-random.ck tests/filesys/base/sm-random tests/filesys/base/sm-random.result
FAIL tests/filesys/base/sm-random
run: write 13 bytes at offset 858 failed: FAILED
pintos -v -k -T 60 --bochs  --fs-disk=2 -p tests/filesys/base/sm-seq-block -a sm-seq-block -- -q   -f run sm-seq-block < /dev/null 2> tests/filesys/base/sm-seq-block.errors > tests/filesys/base/sm-seq-block.output
perl -I../.. ../../tests/filesys/base/sm-seq-block.ck tests/filesys/base/sm-seq-block tests/filesys/base/sm-seq-block.result
FAIL tests/filesys/base/sm-seq-block
run: write 513 bytes at offset 0 in "noodle" failed: FAILED
pintos -v -k -T 60 --bochs  --fs-disk=2 -p tests/filesys/base/sm-seq-random -a sm-seq-random -- -q   -f run sm-seq-random < /dev/null 2> tests/filesys/base/sm-seq-random.errors > tests/filesys/base/sm-seq-random.output
perl -I../.. ../../tests/filesys/base/sm-seq-random.ck tests/filesys/base/sm-seq-random tests/filesys/base/sm-seq-random.result
FAIL tests/filesys/base/sm-seq-random
run: write 667 bytes at offset 0 in "nibble" failed: FAILED
pintos -v -k -T 300 --bochs  --fs-disk=2 -p tests/filesys/base/syn-read -a syn-read -p tests/filesys/base/child-syn-read -a child-syn-read -- -q   -f run syn-read < /dev/null 2> tests/filesys/base/syn-read.errors > tests/filesys/base/syn-read.output
perl -I../.. ../../tests/filesys/base/syn-read.ck tests/filesys/base/syn-read tests/filesys/base/syn-read.result
FAIL tests/filesys/base/syn-read
run: write "data": FAILED
pintos -v -k -T 60 --bochs  --fs-disk=2 -p tests/filesys/base/syn-remove -a syn-remove -- -q   -f run syn-remove < /dev/null 2> tests/filesys/base/syn-remove.errors > tests/filesys/base/syn-remove.output
perl -I../.. ../../tests/filesys/base/syn-remove.ck tests/filesys/base/syn-remove tests/filesys/base/syn-remove.result
FAIL tests/filesys/base/syn-remove
run: write "deleteme": FAILED
pintos -v -k -T 60 --bochs  --fs-disk=2 -p tests/filesys/base/syn-write -a syn-write -p tests/filesys/base/child-syn-wrt -a child-syn-wrt -- -q   -f run syn-write < /dev/null 2> tests/filesys/base/syn-write.errors > tests/filesys/base/syn-write.output
perl -I../.. ../../tests/filesys/base/syn-write.ck tests/filesys/base/syn-write tests/filesys/base/syn-write.result
FAIL tests/filesys/base/syn-write
Test output failed to match any acceptable form.

Acceptable output:
  (syn-write) begin
  (syn-write) create "stuff"
  (syn-write) exec child 1 of 10: "child-syn-wrt 0"
  (syn-write) exec child 2 of 10: "child-syn-wrt 1"
  (syn-write) exec child 3 of 10: "child-syn-wrt 2"
  (syn-write) exec child 4 of 10: "child-syn-wrt 3"
  (syn-write) exec child 5 of 10: "child-syn-wrt 4"
  (syn-write) exec child 6 of 10: "child-syn-wrt 5"
  (syn-write) exec child 7 of 10: "child-syn-wrt 6"
  (syn-write) exec child 8 of 10: "child-syn-wrt 7"
  (syn-write) exec child 9 of 10: "child-syn-wrt 8"
  (syn-write) exec child 10 of 10: "child-syn-wrt 9"
  (syn-write) wait for child 1 of 10 returned 0 (expected 0)
  (syn-write) wait for child 2 of 10 returned 1 (expected 1)
  (syn-write) wait for child 3 of 10 returned 2 (expected 2)
  (syn-write) wait for child 4 of 10 returned 3 (expected 3)
  (syn-write) wait for child 5 of 10 returned 4 (expected 4)
  (syn-write) wait for child 6 of 10 returned 5 (expected 5)
  (syn-write) wait for child 7 of 10 returned 6 (expected 6)
  (syn-write) wait for child 8 of 10 returned 7 (expected 7)
  (syn-write) wait for child 9 of 10 returned 8 (expected 8)
  (syn-write) wait for child 10 of 10 returned 9 (expected 9)
  (syn-write) open "stuff"
  (syn-write) read "stuff"
  (syn-write) end
Differences in `diff -u' format:
  (syn-write) begin
  (syn-write) create "stuff"
  (syn-write) exec child 1 of 10: "child-syn-wrt 0"
- (syn-write) exec child 2 of 10: "child-syn-wrt 1"
- (syn-write) exec child 3 of 10: "child-syn-wrt 2"
- (syn-write) exec child 4 of 10: "child-syn-wrt 3"
- (syn-write) exec child 5 of 10: "child-syn-wrt 4"
- (syn-write) exec child 6 of 10: "child-syn-wrt 5"
- (syn-write) exec child 7 of 10: "child-syn-wrt 6"
- (syn-write) exec child 8 of 10: "child-syn-wrt 7"
- (syn-write) exec child 9 of 10: "child-syn-wrt 8"
- (syn-write) exec child 10 of 10: "child-syn-wrt 9"
- (syn-write) wait for child 1 of 10 returned 0 (expected 0)
- (syn-write) wait for child 2 of 10 returned 1 (expected 1)
- (syn-write) wait for child 3 of 10 returned 2 (expected 2)
- (syn-write) wait for child 4 of 10 returned 3 (expected 3)
- (syn-write) wait for child 5 of 10 returned 4 (expected 4)
- (syn-write) wait for child 6 of 10 returned 5 (expected 5)
- (syn-write) wait for child 7 of 10 returned 6 (expected 6)
- (syn-write) wait for child 8 of 10 returned 7 (expected 7)
- (syn-write) wait for child 9 of 10 returned 8 (expected 8)
- (syn-write) wait for child 10 of 10 returned 9 (expected 9)
- (syn-write) open "stuff"
- (syn-write) read "stuff"
- (syn-write) end

(Process exit codes are excluded for matching purposes.)
pass tests/userprog/args-none
pass tests/userprog/args-single
pass tests/userprog/args-multiple
pass tests/userprog/args-many
pass tests/userprog/args-dbl-space
pass tests/userprog/sc-bad-sp
pass tests/userprog/sc-bad-arg
pass tests/userprog/sc-boundary
pass tests/userprog/sc-boundary-2
pass tests/userprog/halt
pass tests/userprog/exit
pass tests/userprog/create-normal
pass tests/userprog/create-empty
pass tests/userprog/create-null
pass tests/userprog/create-bad-ptr
pass tests/userprog/create-long
pass tests/userprog/create-exists
pass tests/userprog/create-bound
pass tests/userprog/open-normal
pass tests/userprog/open-missing
pass tests/userprog/open-boundary
pass tests/userprog/open-empty
pass tests/userprog/open-null
pass tests/userprog/open-bad-ptr
pass tests/userprog/open-twice
pass tests/userprog/close-normal
pass tests/userprog/close-twice
pass tests/userprog/close-stdin
pass tests/userprog/close-stdout
pass tests/userprog/close-bad-fd
FAIL tests/userprog/read-normal
FAIL tests/userprog/read-bad-ptr
FAIL tests/userprog/read-boundary
FAIL tests/userprog/read-zero
FAIL tests/userprog/read-stdout
FAIL tests/userprog/read-bad-fd
FAIL tests/userprog/write-normal
FAIL tests/userprog/write-bad-ptr
FAIL tests/userprog/write-boundary
pass tests/userprog/write-zero
pass tests/userprog/write-stdin
pass tests/userprog/write-bad-fd
FAIL tests/userprog/exec-once
FAIL tests/userprog/exec-arg
FAIL tests/userprog/exec-multiple
FAIL tests/userprog/exec-missing
FAIL tests/userprog/exec-bad-ptr
FAIL tests/userprog/wait-simple
FAIL tests/userprog/wait-twice
FAIL tests/userprog/wait-killed
FAIL tests/userprog/wait-bad-pid
FAIL tests/userprog/multi-recurse
FAIL tests/userprog/multi-child-fd
FAIL tests/userprog/rox-simple
FAIL tests/userprog/rox-child
FAIL tests/userprog/rox-multichild
pass tests/userprog/bad-read
pass tests/userprog/bad-write
pass tests/userprog/bad-read2
pass tests/userprog/bad-write2
pass tests/userprog/bad-jump
pass tests/userprog/bad-jump2
FAIL tests/userprog/no-vm/multi-oom
FAIL tests/filesys/base/lg-create
FAIL tests/filesys/base/lg-full
FAIL tests/filesys/base/lg-random
FAIL tests/filesys/base/lg-seq-block
FAIL tests/filesys/base/lg-seq-random
FAIL tests/filesys/base/sm-create
FAIL tests/filesys/base/sm-full
FAIL tests/filesys/base/sm-random
FAIL tests/filesys/base/sm-seq-block
FAIL tests/filesys/base/sm-seq-random
FAIL tests/filesys/base/syn-read
FAIL tests/filesys/base/syn-remove
FAIL tests/filesys/base/syn-write
37 of 76 tests failed.
make[1]: Leaving directory `/home/CS342/2018/STUD/group02/pintos/src/userprog/build'
